{
  "RSpec": {
    "coverage": {
      "/Users/Tim/Ruby/airport_challenge/spec/airport_spec.rb": [
        1,
        null,
        null,
        null,
        null,
        null,
        null,
        null,
        null,
        null,
        null,
        null,
        null,
        null,
        null,
        null,
        null,
        1,
        null,
        null,
        2,
        null,
        1,
        null,
        2,
        null,
        1,
        1,
        1,
        1,
        null,
        1,
        1,
        1,
        null,
        null,
        1,
        null,
        1,
        null,
        1,
        1,
        1,
        1,
        1,
        1,
        1,
        null,
        null,
        1,
        null,
        2,
        null,
        null,
        null,
        null,
        1,
        null,
        1,
        1,
        1,
        1,
        1,
        7,
        1,
        null,
        null,
        1,
        1,
        1,
        1,
        1,
        7,
        2,
        1,
        null,
        null,
        null,
        null,
        1,
        null,
        null,
        null,
        null,
        null,
        null,
        null,
        null,
        null,
        1,
        1,
        1,
        1,
        1,
        1,
        1,
        2,
        null,
        null,
        null,
        1,
        1,
        1,
        1,
        2,
        null,
        null,
        null,
        null,
        null
      ],
      "/Users/Tim/Ruby/airport_challenge/lib/airport.rb": [
        1,
        null,
        1,
        null,
        1,
        12,
        12,
        null,
        null,
        1,
        27,
        2,
        25,
        2,
        null,
        23,
        23,
        null,
        null,
        null,
        1,
        3,
        2,
        2,
        null,
        1,
        null,
        null,
        null,
        1,
        1,
        1,
        null,
        0,
        null,
        null,
        null,
        1,
        35,
        null,
        null,
        1,
        0,
        0,
        null,
        0,
        null,
        null,
        null,
        null,
        null
      ],
      "/Users/Tim/Ruby/airport_challenge/spec/feature/grand_finale_spec.rb": [
        1,
        null,
        null,
        null,
        null,
        null,
        null,
        null,
        null,
        1,
        1,
        1,
        1,
        1,
        1,
        1,
        1,
        null,
        null,
        null,
        null,
        null,
        null,
        null,
        null,
        1,
        1,
        1,
        1,
        1,
        1,
        1,
        1,
        1,
        null,
        null,
        null,
        null,
        null,
        null,
        null,
        null,
        null,
        null,
        null,
        null,
        1,
        1,
        1,
        1,
        1,
        1,
        1,
        1,
        1,
        1,
        1,
        1,
        1,
        1,
        1,
        1,
        1,
        2,
        1,
        1,
        1,
        null,
        null,
        null,
        null,
        null,
        null,
        null,
        null,
        1,
        1,
        1,
        1,
        1,
        2,
        1,
        1,
        null,
        null
      ],
      "/Users/Tim/Ruby/airport_challenge/spec/plane_spec.rb": [
        1,
        null,
        null,
        null,
        null,
        null,
        null,
        null,
        null,
        null,
        null,
        null,
        null,
        null,
        1,
        null,
        1,
        1,
        1,
        null,
        null,
        1,
        1,
        1,
        1,
        null,
        null,
        1,
        1,
        1,
        1,
        1,
        null,
        null,
        null
      ],
      "/Users/Tim/Ruby/airport_challenge/lib/plane.rb": [
        1,
        null,
        1,
        13,
        null,
        null,
        1,
        8,
        null,
        null,
        1,
        10,
        10,
        null,
        null,
        1,
        2,
        2,
        null,
        null,
        null
      ]
    },
    "timestamp": 1438007660
  }
}
