{
  "RSpec": {
    "coverage": {
      "/Users/Tim/ruby/airport_challenge/airport_challenge/spec/airport_spec.rb": [
        1,
        null,
        null,
        null,
        null,
        null,
        null,
        null,
        null,
        null,
        null,
        null,
        null,
        1,
        null,
        1,
        null,
        1,
        null,
        1,
        null,
        null,
        1,
        null,
        1,
        null,
        null,
        null,
        null,
        null,
        null,
        null,
        null,
        null,
        null,
        1,
        1,
        null,
        1,
        null,
        null,
        null
      ],
      "/Users/Tim/ruby/airport_challenge/airport_challenge/lib/airport.rb": [
        1,
        null
      ],
      "/Users/Tim/ruby/airport_challenge/airport_challenge/spec/feature/grand_finale_spec.rb": [
        1,
        null,
        null,
        null,
        null,
        null,
        null,
        null,
        null,
        null,
        1,
        null,
        1,
        1,
        1,
        1,
        1,
        0,
        null,
        null,
        null
      ],
      "/Users/Tim/ruby/airport_challenge/airport_challenge/spec/plane_spec.rb": [
        1,
        null,
        null,
        null,
        null,
        null,
        null,
        null,
        null,
        null,
        null,
        null,
        null,
        null,
        1,
        null,
        1,
        null,
        1,
        null,
        1,
        null,
        1,
        null,
        null
      ],
      "/Users/Tim/ruby/airport_challenge/airport_challenge/lib/plane.rb": [
        1,
        null
      ]
    },
    "timestamp": 1430648603
  }
}
